Mode: 0, Number of Neighbors: 128, Trial: 1

MODE: 0
Warming up GPU for time trialing...
N: 282378
DIM: 39
Number of neighbors: 1

Allocating the following amount of memory for the dataset: 0.041026 GiB
nirals______________

aopss_______________

eunegtes____________

dlsffoddouse________

puuch_______________

hyftn_______________

nydrrdocnment_______

oplindocea__________

huccirto____________

gipuobr_____________

tsids_______________

depwlis_____________

rysbrsea____________

imsuus______________

cugmarter___________

slfcsok_____________

tmiallotriomorphic__

uudit_______________

lhlauess____________

mimrwney____________

finots______________

stlactomy___________

cissid______________

wecos_______________

againy______________

sahsgh______________

eiroile_____________

hurls_______________

prs_________________

cygrls______________

aprvol______________

psarum______________

pucusls_____________

parchri_____________

kulnose_____________

notch_______________

mlungl______________

puasky______________

vuscsrn_____________

bllfd_______________

edogal______________

ismaling____________

ogphil______________

tmpliotes___________

opiidinss___________

tsmlmg______________

mlpoicell___________

cisalppelos_________

cisutuns____________

aggadic_____________

ipsnms______________

nuanilil____________

pyeso_______________

ruuragmatg__________

alaic_______________

aenbse______________

plilail_____________

crunum______________

saai________________

butwecont___________

chshirg_____________

sdoochat____________

brbpdoetry__________

chcpmin_____________

rilbr_______________

mitag_______________

vngcga______________

iommpy______________

sauclyodsum_________

aloect______________

ualuh_______________

caruh_______________

dpanglyic___________

hocmohlog___________

uudhy_______________

nragmy______________

strruaisoodnal______

ardyyenoe___________

gydkhnod____________

uyctlli_____________

osaos_______________

smnsianes___________

durcanbulic_________

ulepphuy____________

celcly______________

outpuiimancy________

epunslul____________

olicoh______________

uumafrsrl___________

durgworm____________

uaasetstably________

dinenge_____________

vrioe_______________

gsidium_____________

nieurmmcnure________

bhymfible___________

rlidoeis____________

imnblind____________

aebfit______________

cramyyittadness_____

Time to compute distance matrix on the CPU: 6.193102

------------------------------
Mode: 0, Number of Neighbors: 128, Trial: 1

MODE: 0
Warming up GPU for time trialing...
N: 282378
DIM: 39
Number of neighbors: 2

Allocating the following amount of memory for the dataset: 0.041026 GiB
nssic_______________

bynplrsh____________

caamin______________

dlrffodd____________

pilmyr______________

euchushofu__________

laldogn_____________

sruuly______________

aaai________________

brr_________________

rasnnys_____________

bhtmf_______________

cylmeiec____________

curkbans____________

sruboa______________

rleonfidmidtag______

nuanoicnate_________

hucbdiked___________

egoumendi___________

rtculofoa___________

ocatcyi_____________

cunter______________

evuayi______________

cglic_______________

uymwlrws____________

dyuuyo______________

bupnre______________

luruup______________

oblnnuens___________

snsrospp____________

uhembif_____________

tdlnt_______________

uumapsm_____________

diroas______________

aattdprison_________

nitch_______________

mlucmi______________

pualky______________

vlsch_______________

prsmfbusn___________

pusnrac_____________

pynmyy______________

guutap______________

byrhoiit____________

opaidid_____________

filarsrm____________

muutinam____________

euser_______________

bicyw_______________

niepsanc____________

mhecuagll___________

iidhum______________

tbglfgi_____________

srsdom______________

iblump______________

sdubi_______________

uegaa_______________

cawnladam___________

ssmipcums___________

uoiubrevasiong______

ttatg_______________

cudalrtsai__________

pughiats____________

suruyus_____________

hiao________________

bskraid_____________

vaugrr______________

iiympl______________

sadcdyods___________

ongose______________

ursmmys_____________

cahsn_______________

dpaifuyec___________

hocmnorr____________

sdyios______________

ndapuyind___________

imitonh_____________

oumermagysiresu_____

wuaue_______________

bapungdond__________

despiei_____________

brenang_____________

hrahfyuli___________

uremmigs____________

csuucuanh___________

munamaan____________

slyyoe______________

diedds______________

icnlpyilt___________

prowmyu_____________

aiyseanrenusou______

vopasihu____________

oboitt______________

gsiany______________

cinamymlll__________

sduunm______________

pruiygrdt___________

gtisamys____________

cenvatefusc_________

cradmysn____________

Time to compute distance matrix on the CPU: 6.251191

------------------------------
Mode: 0, Number of Neighbors: 128, Trial: 1

MODE: 0
Warming up GPU for time trialing...
N: 282378
DIM: 39
Number of neighbors: 3

Allocating the following amount of memory for the dataset: 0.041026 GiB
nsrac_______________

buibsn______________

eunonirrr___________

pigus_______________

glucny______________

cracuifhae__________

npconrt_____________

gyniy_______________

ban_________________

srtpe_______________

cilaite_____________

wymsr_______________

clsmc_______________

acuewy______________

plmir_______________

ebano_______________

ham_________________

fildchgr____________

caa_________________

cibbl_______________

lhankcu_____________

canlymir____________

mydildles___________

pisruhts____________

mitthaiic___________

ludlles_____________

altsolyi____________

sdtchuy_____________

cucism______________

mathghurr___________

suadd_______________

vyupucf_____________

cilyiais____________

myceas______________

rhglad______________

edlgahu_____________

aucaa_______________

dhdtluyin___________

hurlr_______________

alosump_____________

erohaprrld__________

uamnlcl_____________

wuumlrsdl___________

dypusmku____________

isuusgr_____________

ermls_______________

psmaascm____________

jocgyo______________

accady______________

sundp_______________

aahddsl_____________

piasuy______________

suda________________

ecirhigia___________

tsyurnn_____________

mrmeral_____________

amagllssry__________

nahi________________

xytisaei____________

mlimfuinyle_________

rmuasacs____________

ginul_______________

dyadomtrd___________

sdrrwehi____________

dhtndhame___________

tbpimitlex__________

llishl______________

biegsi______________

humcpi______________

mterlen_____________

uacnuih_____________

sadpphsttyiesi______

ulasimtnm___________

rivd________________

immtemenasau________

tahsng______________

tsuaaa______________

abdeog______________

bulnnpo_____________

emmrinan____________

ausictic____________

hpaseg______________

cyacutyp____________

pinfslnu____________

kydiersy____________

shhac_______________

hyson_______________

pruidecs____________

foacsooom___________

aaearchf____________

cllecof_____________

ccfdd_______________

dospmersu___________

frafmrli____________

abhhott_____________

edrsfu______________

ciskntoy____________

ssylosnai___________

phybi_______________

egbins______________

Time to compute distance matrix on the CPU: 5.958579

------------------------------
Mode: 0, Number of Neighbors: 128, Trial: 1

MODE: 0
Warming up GPU for time trialing...
N: 282378
DIM: 39
Number of neighbors: 4

Allocating the following amount of memory for the dataset: 0.041026 GiB
nssac_______________

bgtwd_______________

mirit_______________

ininda______________

reldim______________

daa_________________

plbrio______________

mlnsllelm___________

tam_________________

tolyit______________

taclyyihin__________

plfigadss___________

clhllbites__________

curkbias____________

ssqbaeh_____________

sitcbnr_____________

heasgong____________

rhnst_______________

aaa_________________

sgalindg____________

nbhiu_______________

essum_______________

nba_________________

aascpuflip__________

pidutaid____________

cluil_______________

dalnfalae___________

tcoli_______________

ldyhit______________

hpmdbol_____________

meldrd______________

uuumy_______________

cdyucopore__________

placylfoshu_________

sdell_______________

prdpi_______________

scawilief___________

cwiray______________

vuladi______________

ognamh______________

alliass_____________

ilclrmm_____________

naa_________________

ddtad_______________

tudlacy_____________

ocswhe______________

saymdroe____________

srotbu______________

egpodyu_____________

biilsfy_____________

oroiy_______________

crfyimi_____________

dluiem______________

sdgre_______________

snood_______________

rimncauy____________

taruda______________

weebuala____________

xertde______________

smarpinsg___________

dlyuendsn___________

uarnbiy_____________

bellyocua___________

mhmmosk_____________

eamecas_____________

srjac_______________

muroclak____________

mruiec______________

cepuit______________

dhnbyons____________

dhrpic______________

tbaido______________

vobglly_____________

ocansitm____________

fumtttn_____________

tdlsssg_____________

mycmy_______________

uiremhnasm__________

sehi________________

tbsdaar_____________

oamlrc______________

humsgd______________

draaru______________

gtormucal___________

dugiro______________

zhppdyl_____________

cccull______________

outmmni_____________

bycnuh______________

fivuane_____________

tnchla______________

pisdalpro___________

ntyiia______________

ceictigyi___________

gescrmicu___________

rgstb_______________

pysacm______________

glunitco____________

eerimauy____________

tublhua_____________

Time to compute distance matrix on the CPU: 5.782178

------------------------------
Mode: 0, Number of Neighbors: 128, Trial: 1

MODE: 0
Warming up GPU for time trialing...
N: 282378
DIM: 39
Number of neighbors: 5

Allocating the following amount of memory for the dataset: 0.041026 GiB
nidek_______________

bynvl_______________

mrcutgsc____________

pilrfpiuang_________

pummy_______________

pilglon_____________

nlatsci_____________

gurrbhs_____________

vtodoe______________

brruber_____________

nbmusii_____________

huaaverl____________

giifdy______________

ulylad______________

gruphb______________

ifjugs______________

meurndia____________

hiaml_______________

puisie______________

engdictterili_______

srocgltnini_________

sagbusm_____________

aaa_________________

hahug_______________

aallcuem____________

biclhiiss___________

eaa_________________

kiceagcei___________

acaty_______________

hcrnme______________

easi________________

tchoocopenc_________

oaa_________________

dlrtlduatin_________

miydyuueters________

mfaeonani___________

ortlpch_____________

wicad_______________

prmgihl_____________

pnhulgd_____________

eailhl______________

iduecin_____________

slugler_____________

tmpcitin____________

orusdmentne_________

obcgbati____________

diramiucopelc_______

zlacdcleliia________

airgnll_____________

jugird______________

uralshgs____________

iiugpoog____________

hienacn_____________

pagamo______________

dadic_______________

pilpyr______________

sbpalhdptsad________

udpnucnha___________

urdpcesiti__________

uicoyika____________

pirgan______________

wpiny_______________

tphaiu______________

caa_________________

eacdh_______________

paoee_______________

jruscic_____________

naubpao_____________

cinasgin____________

meccohe_____________

chmrrlov____________

wraduondre__________

geauhwy_____________

hdmodaaus___________

bcacfull____________

ucrtlaat____________

hgbdis______________

taa_________________

sbilud______________

ccylssuc____________

sscraamv____________

gdidm_______________

hcsrmkl_____________

nidstky_____________

uacte_______________

ubsiida_____________

railal______________

pduaehyliii_________

tnuruar_____________

rrdtluitc___________

tmmuduatte__________

lhphcaste___________

tblueng_____________

aaabd_______________

iugmladsme__________

sbasd_______________

idcfofauu___________

cdssmmaa____________

rbjocaed____________

smourerie___________

Time to compute distance matrix on the CPU: 6.770133

------------------------------
